<?xml version="1.0" encoding="UTF-8"?>
<!-- Generated by org.testng.reporters.JUnitReportReporter -->
<testsuite hostname="DESKTOP-8POQ4MS" failures="0" tests="3" name="TestNg.TC_5_LoginToOrangeHRM_Using_Inheritance" time="1.665" errors="0" timestamp="2024-10-17T23:29:52 IST" skipped="0">
  <testcase classname="TestNg.TC_5_LoginToOrangeHRM_Using_Inheritance" name="enterUser" time="0.150"/>
  <system-out/>
  <testcase classname="TestNg.TC_5_LoginToOrangeHRM_Using_Inheritance" name="enterPassword" time="0.190"/>
  <system-out/>
  <testcase classname="TestNg.TC_5_LoginToOrangeHRM_Using_Inheritance" name="clickLogin" time="1.325"/>
  <system-out/>
</testsuite> <!-- TestNg.TC_5_LoginToOrangeHRM_Using_Inheritance -->
