<?xml version="1.0" encoding="UTF-8"?>
<!-- Generated by org.testng.reporters.JUnitReportReporter -->
<testsuite hostname="DESKTOP-8POQ4MS" failures="0" tests="2" name="ExtentReports.ExtentReportExample2" time="2.823" errors="0" timestamp="2024-10-22T17:28:53 IST" skipped="0">
  <testcase classname="ExtentReports.ExtentReportExample2" name="loginToOrangeHRM" time="2.783"/>
  <system-out/>
  <testcase classname="ExtentReports.ExtentReportExample2" name="clickLogout" time="0.040"/>
  <system-out/>
</testsuite> <!-- ExtentReports.ExtentReportExample2 -->
