<?xml version="1.0" encoding="UTF-8"?>
<!-- Generated by org.testng.reporters.JUnitReportReporter -->
<testsuite hostname="DESKTOP-8POQ4MS" failures="0" tests="3" name="TestNgAttributes.Attribute_Timeout" time="0.782" errors="0" timestamp="2024-10-18T22:56:27 IST" skipped="0">
  <testcase classname="TestNgAttributes.Attribute_Timeout" name="enterUsername" time="0.528"/>
  <system-out/>
  <testcase classname="TestNgAttributes.Attribute_Timeout" name="enterPassword" time="0.168"/>
  <system-out/>
  <testcase classname="TestNgAttributes.Attribute_Timeout" name="clickLogin" time="0.086"/>
  <system-out/>
</testsuite> <!-- TestNgAttributes.Attribute_Timeout -->
