<?xml version="1.0" encoding="UTF-8"?>
<!-- Generated by org.testng.reporters.JUnitReportReporter -->
<testsuite hostname="DESKTOP-8POQ4MS" failures="0" tests="3" name="TestNgAttributes.Attribute_Enabled" time="0.656" errors="0" timestamp="2024-10-18T22:48:07 IST" skipped="1">
  <testcase classname="TestNgAttributes.Attribute_Enabled" name="enterUsername" time="0.498"/>
  <system-out/>
  <testcase classname="TestNgAttributes.Attribute_Enabled" name="enterPassword" time="0.158"/>
  <system-out/>
  <testcase classname="TestNgAttributes.Attribute_Enabled" name="clickLogin">
    <skipped/>
  </testcase> <!-- clickLogin -->
  <system-out/>
</testsuite> <!-- TestNgAttributes.Attribute_Enabled -->
