<?xml version="1.0" encoding="UTF-8"?>
<!-- Generated by org.testng.reporters.JUnitReportReporter -->
<testsuite hostname="DESKTOP-8POQ4MS" failures="0" tests="3" name="TestNgAttributes.Attribute_DataProvider" time="1.199" errors="0" timestamp="2024-10-18T14:33:40 IST" skipped="0">
  <testcase classname="TestNgAttributes.Attribute_DataProvider" name="addCredentials" time="0.226"/>
  <system-out/>
  <testcase classname="TestNgAttributes.Attribute_DataProvider" name="addCredentials" time="0.768"/>
  <system-out/>
  <testcase classname="TestNgAttributes.Attribute_DataProvider" name="addCredentials" time="0.205"/>
  <system-out/>
</testsuite> <!-- TestNgAttributes.Attribute_DataProvider -->
