<?xml version="1.0" encoding="UTF-8"?>
<!-- Generated by org.testng.reporters.JUnitReportReporter -->
<testsuite hostname="DESKTOP-8POQ4MS" failures="0" tests="1" name="ExtentReports.ExtentReportExample" time="2.070" errors="0" timestamp="2024-10-22T16:56:35 IST" skipped="0">
  <testcase classname="ExtentReports.ExtentReportExample" name="loginToOrangeHRM" time="2.070"/>
  <system-out/>
</testsuite> <!-- ExtentReports.ExtentReportExample -->
