<?xml version="1.0" encoding="UTF-8"?>
<!-- Generated by org.testng.reporters.JUnitReportReporter -->
<testsuite hostname="DESKTOP-8POQ4MS" failures="0" tests="5" name="Tests.TC_3_VerifyLoginAndLogout" time="4.848" errors="0" timestamp="2024-10-22T15:48:12 IST" skipped="0">
  <testcase classname="Tests.TC_3_VerifyLoginAndLogout" name="enterUsername" time="0.542"/>
  <system-out/>
  <testcase classname="Tests.TC_3_VerifyLoginAndLogout" name="enterPassword" time="0.347"/>
  <system-out/>
  <testcase classname="Tests.TC_3_VerifyLoginAndLogout" name="clickLogin" time="1.375"/>
  <system-out/>
  <testcase classname="Tests.TC_3_VerifyLoginAndLogout" name="clickUserDropdown" time="0.520"/>
  <system-out/>
  <testcase classname="Tests.TC_3_VerifyLoginAndLogout" name="clickLogout" time="2.064"/>
  <system-out/>
</testsuite> <!-- Tests.TC_3_VerifyLoginAndLogout -->
