<?xml version="1.0" encoding="UTF-8"?>
<!-- Generated by org.testng.reporters.JUnitReportReporter -->
<testsuite hostname="DESKTOP-8POQ4MS" failures="0" tests="3" name="TestNgScreenshots.Screenshot_Example" time="2.447" errors="0" timestamp="2024-10-19T00:51:22 IST" skipped="0">
  <testcase classname="TestNgScreenshots.Screenshot_Example" name="enterUsername" time="0.621"/>
  <system-out/>
  <testcase classname="TestNgScreenshots.Screenshot_Example" name="enterPassword" time="0.384"/>
  <system-out/>
  <testcase classname="TestNgScreenshots.Screenshot_Example" name="clickLogin" time="1.442"/>
  <system-out/>
</testsuite> <!-- TestNgScreenshots.Screenshot_Example -->
