<?xml version="1.0" encoding="UTF-8"?>
<!-- Generated by org.testng.reporters.JUnitReportReporter -->
<testsuite hostname="DESKTOP-8POQ4MS" failures="0" tests="4" name="TestNgAssertions.SoftAssertion" time="1.036" errors="0" timestamp="2024-10-19T00:31:39 IST" skipped="0">
  <testcase classname="TestNgAssertions.SoftAssertion" name="verifyTitle" time="0.166"/>
  <system-out/>
  <testcase classname="TestNgAssertions.SoftAssertion" name="enterUsername" time="0.493"/>
  <system-out/>
  <testcase classname="TestNgAssertions.SoftAssertion" name="enterPassword" time="0.265"/>
  <system-out/>
  <testcase classname="TestNgAssertions.SoftAssertion" name="clickLogin" time="0.112"/>
  <system-out/>
</testsuite> <!-- TestNgAssertions.SoftAssertion -->
