<?xml version="1.0" encoding="UTF-8"?>
<!-- Generated by org.testng.reporters.JUnitReportReporter -->
<testsuite hostname="DESKTOP-8POQ4MS" failures="0" tests="10" name="TestNgAttributes.Attribute_Invocationcount" time="1.419" errors="0" timestamp="2024-10-18T23:07:39 IST" skipped="1">
  <testcase classname="TestNgAttributes.Attribute_Invocationcount" name="enterUsername" time="0.167"/>
  <system-out/>
  <testcase classname="TestNgAttributes.Attribute_Invocationcount" name="enterUsername" time="0.126"/>
  <system-out/>
  <testcase classname="TestNgAttributes.Attribute_Invocationcount" name="enterUsername" time="0.080"/>
  <system-out/>
  <testcase classname="TestNgAttributes.Attribute_Invocationcount" name="enterUsername" time="0.513"/>
  <system-out/>
  <testcase classname="TestNgAttributes.Attribute_Invocationcount" name="enterUsername" time="0.080"/>
  <system-out/>
  <testcase classname="TestNgAttributes.Attribute_Invocationcount" name="enterUsername" time="0.096"/>
  <system-out/>
  <testcase classname="TestNgAttributes.Attribute_Invocationcount" name="enterUsername" time="0.107"/>
  <system-out/>
  <testcase classname="TestNgAttributes.Attribute_Invocationcount" name="enterUsername" time="0.085"/>
  <system-out/>
  <testcase classname="TestNgAttributes.Attribute_Invocationcount" name="enterPassword" time="0.165"/>
  <system-out/>
  <testcase classname="TestNgAttributes.Attribute_Invocationcount" name="clickLogin">
    <skipped/>
  </testcase> <!-- clickLogin -->
  <system-out/>
</testsuite> <!-- TestNgAttributes.Attribute_Invocationcount -->
