<?xml version="1.0" encoding="UTF-8"?>
<!-- Generated by org.testng.reporters.JUnitReportReporter -->
<testsuite hostname="DESKTOP-8POQ4MS" failures="0" tests="3" name="TestNgAttributes.Attribute_Priority" time="0.770" errors="0" timestamp="2024-10-18T22:53:34 IST" skipped="0">
  <testcase classname="TestNgAttributes.Attribute_Priority" name="enterUsername" time="0.497"/>
  <system-out/>
  <testcase classname="TestNgAttributes.Attribute_Priority" name="enterPassword" time="0.182"/>
  <system-out/>
  <testcase classname="TestNgAttributes.Attribute_Priority" name="clickLogin" time="0.091"/>
  <system-out/>
</testsuite> <!-- TestNgAttributes.Attribute_Priority -->
