<?xml version="1.0" encoding="UTF-8"?>
<!-- Generated by org.testng.reporters.JUnitReportReporter -->
<testsuite hostname="DESKTOP-8POQ4MS" failures="0" tests="5" name="Tests.TC_1_VerifyLoginTest" time="1.371" errors="0" timestamp="2024-10-20T00:28:04 IST" skipped="0">
  <testcase classname="Tests.TC_1_VerifyLoginTest" name="verifyLogo" time="0.514"/>
  <system-out/>
  <testcase classname="Tests.TC_1_VerifyLoginTest" name="verifyForgotYourPassword" time="0.191"/>
  <system-out/>
  <testcase classname="Tests.TC_1_VerifyLoginTest" name="enterUsername" time="0.281"/>
  <system-out/>
  <testcase classname="Tests.TC_1_VerifyLoginTest" name="enterPassword" time="0.288"/>
  <system-out/>
  <testcase classname="Tests.TC_1_VerifyLoginTest" name="clickLogin" time="0.097"/>
  <system-out/>
</testsuite> <!-- Tests.TC_1_VerifyLoginTest -->
