<?xml version="1.0" encoding="UTF-8"?>
<!-- Generated by org.testng.reporters.JUnitReportReporter -->
<testsuite hostname="DESKTOP-8POQ4MS" failures="0" tests="3" name="TestNg.Annotation_DataProvider2" time="3.559" errors="0" timestamp="2024-10-18T22:34:13 IST" skipped="0">
  <testcase classname="TestNg.Annotation_DataProvider2" name="addCredentials" time="1.486"/>
  <system-out/>
  <testcase classname="TestNg.Annotation_DataProvider2" name="addCredentials" time="0.735"/>
  <system-out/>
  <testcase classname="TestNg.Annotation_DataProvider2" name="addCredentials" time="1.338"/>
  <system-out/>
</testsuite> <!-- TestNg.Annotation_DataProvider2 -->
