<?xml version="1.0" encoding="UTF-8"?>
<!-- Generated by org.testng.reporters.JUnitReportReporter -->
<testsuite hostname="DESKTOP-8POQ4MS" failures="0" tests="4" name="TestNg.TC_3_VerifyAdminTab" time="4.418" errors="0" timestamp="2024-10-16T17:35:04 IST" skipped="0">
  <testcase classname="TestNg.TC_3_VerifyAdminTab" name="enterUser" time="0.733"/>
  <system-out/>
  <testcase classname="TestNg.TC_3_VerifyAdminTab" name="enterPassword" time="0.160"/>
  <system-out/>
  <testcase classname="TestNg.TC_3_VerifyAdminTab" name="clickLogin" time="2.031"/>
  <system-out/>
  <testcase classname="TestNg.TC_3_VerifyAdminTab" name="clickAdmin" time="1.494"/>
  <system-out/>
</testsuite> <!-- TestNg.TC_3_VerifyAdminTab -->
