<?xml version="1.0" encoding="UTF-8"?>
<!-- Generated by org.testng.reporters.JUnitReportReporter -->
<testsuite hostname="DESKTOP-8POQ4MS" failures="0" tests="3" name="TestNgAttributes.Attribute_DependsOnMethods" time="2.364" errors="0" timestamp="2024-10-18T23:28:37 IST" skipped="0">
  <testcase classname="TestNgAttributes.Attribute_DependsOnMethods" name="clickLogin" time="1.592"/>
  <system-out/>
  <testcase classname="TestNgAttributes.Attribute_DependsOnMethods" name="enterPassword" time="0.201"/>
  <system-out/>
  <testcase classname="TestNgAttributes.Attribute_DependsOnMethods" name="enterUsername" time="0.571"/>
  <system-out/>
</testsuite> <!-- TestNgAttributes.Attribute_DependsOnMethods -->
