<?xml version="1.0" encoding="UTF-8"?>
<!-- Generated by org.testng.reporters.JUnitReportReporter -->
<testsuite hostname="DESKTOP-8POQ4MS" failures="0" tests="5" name="Listeners.TC_3_VerifyLoginAndLogout" time="6.495" errors="0" timestamp="2024-10-22T18:30:06 IST" skipped="0">
  <testcase classname="Listeners.TC_3_VerifyLoginAndLogout" name="enterUsername" time="0.493"/>
  <system-out/>
  <testcase classname="Listeners.TC_3_VerifyLoginAndLogout" name="enterPassword" time="0.318"/>
  <system-out/>
  <testcase classname="Listeners.TC_3_VerifyLoginAndLogout" name="clickLogin" time="0.125"/>
  <system-out/>
  <testcase classname="Listeners.TC_3_VerifyLoginAndLogout" name="clickUserDropdown" time="3.621"/>
  <system-out/>
  <testcase classname="Listeners.TC_3_VerifyLoginAndLogout" name="clickLogout" time="1.938"/>
  <system-out/>
</testsuite> <!-- Listeners.TC_3_VerifyLoginAndLogout -->
