<?xml version="1.0" encoding="UTF-8"?>
<!-- Generated by org.testng.reporters.JUnitReportReporter -->
<testsuite hostname="DESKTOP-8POQ4MS" failures="0" tests="4" name="Tests.TC_2_ForgotYourPasswordTest" time="2.514" errors="0" timestamp="2024-10-20T00:53:12 IST" skipped="0">
  <testcase classname="Tests.TC_2_ForgotYourPasswordTest" name="verifyForgotYourPassword" time="0.639"/>
  <system-out/>
  <testcase classname="Tests.TC_2_ForgotYourPasswordTest" name="clickForgotYourPassword" time="0.874"/>
  <system-out/>
  <testcase classname="Tests.TC_2_ForgotYourPasswordTest" name="enterUsername" time="0.483"/>
  <system-out/>
  <testcase classname="Tests.TC_2_ForgotYourPasswordTest" name="clickCancel" time="0.518"/>
  <system-out/>
</testsuite> <!-- Tests.TC_2_ForgotYourPasswordTest -->
