<?xml version="1.0" encoding="UTF-8"?>
<!-- Generated by org.testng.reporters.JUnitReportReporter -->
<testsuite hostname="DESKTOP-8POQ4MS" failures="0" tests="3" name="TestNgAttributes.Attribute_Description" time="2.216" errors="0" timestamp="2024-10-18T23:18:20 IST" skipped="0">
  <testcase classname="TestNgAttributes.Attribute_Description" name="enterUsername" time="0.540"/>
  <system-out/>
  <testcase classname="TestNgAttributes.Attribute_Description" name="enterPassword" time="0.188"/>
  <system-out/>
  <testcase classname="TestNgAttributes.Attribute_Description" name="clickLogin" time="1.488"/>
  <system-out/>
</testsuite> <!-- TestNgAttributes.Attribute_Description -->
