<?xml version="1.0" encoding="UTF-8"?>
<!-- Generated by org.testng.reporters.JUnitReportReporter -->
<testsuite hostname="DESKTOP-8POQ4MS" failures="0" tests="10" name="Tests.TC_3_PIM_Test" time="7.949" errors="0" timestamp="2024-10-21T00:38:00 IST" skipped="0">
  <testcase classname="Tests.TC_3_PIM_Test" name="enterUsername" time="0.511"/>
  <system-out/>
  <testcase classname="Tests.TC_3_PIM_Test" name="enterPassword" time="0.348"/>
  <system-out/>
  <testcase classname="Tests.TC_3_PIM_Test" name="clickLogin" time="1.289"/>
  <system-out/>
  <testcase classname="Tests.TC_3_PIM_Test" name="verify_PIM" time="0.679"/>
  <system-out/>
  <testcase classname="Tests.TC_3_PIM_Test" name="click_PIM" time="1.119"/>
  <system-out/>
  <testcase classname="Tests.TC_3_PIM_Test" name="click_Configuration" time="0.597"/>
  <system-out/>
  <testcase classname="Tests.TC_3_PIM_Test" name="click_EmpList" time="0.695"/>
  <system-out/>
  <testcase classname="Tests.TC_3_PIM_Test" name="click_AddEmployee" time="1.068"/>
  <system-out/>
  <testcase classname="Tests.TC_3_PIM_Test" name="click_Reports" time="1.019"/>
  <system-out/>
  <testcase classname="Tests.TC_3_PIM_Test" name="click_Help" time="0.624"/>
  <system-out/>
</testsuite> <!-- Tests.TC_3_PIM_Test -->
