<?xml version="1.0" encoding="UTF-8"?>
<!-- Generated by org.testng.reporters.JUnitReportReporter -->
<testsuite hostname="DESKTOP-8POQ4MS" failures="0" tests="4" name="TestNg.TC_4_VerifyAdminTab" time="3.929" errors="0" timestamp="2024-10-16T17:35:04 IST" skipped="0">
  <testcase classname="TestNg.TC_4_VerifyAdminTab" name="enterUser" time="0.735"/>
  <system-out/>
  <testcase classname="TestNg.TC_4_VerifyAdminTab" name="enterPassword" time="0.232"/>
  <system-out/>
  <testcase classname="TestNg.TC_4_VerifyAdminTab" name="clickLogin" time="1.954"/>
  <system-out/>
  <testcase classname="TestNg.TC_4_VerifyAdminTab" name="clickAdmin" time="1.008"/>
  <system-out/>
</testsuite> <!-- TestNg.TC_4_VerifyAdminTab -->
