<?xml version="1.0" encoding="UTF-8"?>
<!-- Generated by org.testng.reporters.JUnitReportReporter -->
<testsuite hostname="DESKTOP-8POQ4MS" failures="0" tests="4" name="TestNg.TC_2_VerifyAdminTab" time="5.531" errors="0" timestamp="2024-10-16T17:35:04 IST" skipped="0">
  <testcase classname="TestNg.TC_2_VerifyAdminTab" name="enterUser" time="0.695"/>
  <system-out/>
  <testcase classname="TestNg.TC_2_VerifyAdminTab" name="enterPassword" time="0.179"/>
  <system-out/>
  <testcase classname="TestNg.TC_2_VerifyAdminTab" name="clickLogin" time="1.469"/>
  <system-out/>
  <testcase classname="TestNg.TC_2_VerifyAdminTab" name="clickAdmin" time="3.188"/>
  <system-out/>
</testsuite> <!-- TestNg.TC_2_VerifyAdminTab -->
