<?xml version="1.0" encoding="UTF-8"?>
<!-- Generated by org.testng.reporters.JUnitReportReporter -->
<testsuite hostname="DESKTOP-8POQ4MS" failures="0" tests="3" name="TestNg.TC_1_LoginToOrangeHRM" time="1.191" errors="0" timestamp="2024-10-16T17:35:04 IST" skipped="0">
  <testcase classname="TestNg.TC_1_LoginToOrangeHRM" name="enterUser" time="0.904"/>
  <system-out/>
  <testcase classname="TestNg.TC_1_LoginToOrangeHRM" name="enterPassword" time="0.161"/>
  <system-out/>
  <testcase classname="TestNg.TC_1_LoginToOrangeHRM" name="clickLogin" time="0.126"/>
  <system-out/>
</testsuite> <!-- TestNg.TC_1_LoginToOrangeHRM -->
