<?xml version="1.0" encoding="UTF-8"?>
<!-- Generated by org.testng.reporters.JUnitReportReporter -->
<testsuite hostname="DESKTOP-8POQ4MS" failures="0" tests="3" name="TestNg.TC_1_LoginToOrangeHRM" time="0.972" errors="0" timestamp="2024-10-16T17:38:52 IST" skipped="0">
  <testcase classname="TestNg.TC_1_LoginToOrangeHRM" name="enterUser" time="0.716"/>
  <system-out/>
  <testcase classname="TestNg.TC_1_LoginToOrangeHRM" name="enterPassword" time="0.166"/>
  <system-out/>
  <testcase classname="TestNg.TC_1_LoginToOrangeHRM" name="clickLogin" time="0.090"/>
  <system-out/>
</testsuite> <!-- TestNg.TC_1_LoginToOrangeHRM -->
