<?xml version="1.0" encoding="UTF-8"?>
<!-- Generated by org.testng.reporters.JUnitReportReporter -->
<testsuite hostname="DESKTOP-8POQ4MS" failures="0" tests="4" name="TestNg.TC_2_VerifyAdminTab" time="4.525" errors="0" timestamp="2024-10-16T17:37:42 IST" skipped="0">
  <testcase classname="TestNg.TC_2_VerifyAdminTab" name="enterUser" time="1.194"/>
  <system-out/>
  <testcase classname="TestNg.TC_2_VerifyAdminTab" name="enterPassword" time="0.212"/>
  <system-out/>
  <testcase classname="TestNg.TC_2_VerifyAdminTab" name="clickLogin" time="1.303"/>
  <system-out/>
  <testcase classname="TestNg.TC_2_VerifyAdminTab" name="clickAdmin" time="1.816"/>
  <system-out/>
</testsuite> <!-- TestNg.TC_2_VerifyAdminTab -->
