<?xml version="1.0" encoding="UTF-8"?>
<!-- Generated by org.testng.reporters.JUnitReportReporter -->
<testsuite hostname="DESKTOP-8POQ4MS" failures="0" tests="4" name="TestNg.TC_4_VerifyAdminTab" time="2.375" errors="0" timestamp="2024-10-16T17:26:05 IST" skipped="0">
  <testcase classname="TestNg.TC_4_VerifyAdminTab" name="enterUser" time="0.584"/>
  <system-out/>
  <testcase classname="TestNg.TC_4_VerifyAdminTab" name="enterPassword" time="0.156"/>
  <system-out/>
  <testcase classname="TestNg.TC_4_VerifyAdminTab" name="clickLogin" time="0.190"/>
  <system-out/>
  <testcase classname="TestNg.TC_4_VerifyAdminTab" name="clickAdmin" time="1.445"/>
  <system-out/>
</testsuite> <!-- TestNg.TC_4_VerifyAdminTab -->
