<?xml version="1.0" encoding="UTF-8"?>
<!-- Generated by org.testng.reporters.JUnitReportReporter -->
<testsuite hostname="DESKTOP-8POQ4MS" failures="0" tests="4" name="TestNg.TC_2_VerifyAdminTab" time="3.872" errors="0" timestamp="2024-10-16T17:32:37 IST" skipped="0">
  <testcase classname="TestNg.TC_2_VerifyAdminTab" name="enterUser" time="0.621"/>
  <system-out/>
  <testcase classname="TestNg.TC_2_VerifyAdminTab" name="enterPassword" time="0.194"/>
  <system-out/>
  <testcase classname="TestNg.TC_2_VerifyAdminTab" name="clickLogin" time="0.146"/>
  <system-out/>
  <testcase classname="TestNg.TC_2_VerifyAdminTab" name="clickAdmin" time="2.911"/>
  <system-out/>
</testsuite> <!-- TestNg.TC_2_VerifyAdminTab -->
