<?xml version="1.0" encoding="UTF-8"?>
<!-- Generated by org.testng.reporters.JUnitReportReporter -->
<testsuite hostname="DESKTOP-8POQ4MS" failures="0" tests="3" name="TestNg.TC_1_LoginToOrangeHRM" time="2.325" errors="0" timestamp="2024-10-16T17:32:37 IST" skipped="0">
  <testcase classname="TestNg.TC_1_LoginToOrangeHRM" name="enterUser" time="0.562"/>
  <system-out/>
  <testcase classname="TestNg.TC_1_LoginToOrangeHRM" name="enterPassword" time="0.121"/>
  <system-out/>
  <testcase classname="TestNg.TC_1_LoginToOrangeHRM" name="clickLogin" time="1.642"/>
  <system-out/>
</testsuite> <!-- TestNg.TC_1_LoginToOrangeHRM -->
