<?xml version="1.0" encoding="UTF-8"?>
<!-- Generated by org.testng.reporters.JUnitReportReporter -->
<testsuite hostname="DESKTOP-8POQ4MS" failures="0" tests="4" name="TestNg.TC_3_VerifyAdminTab" time="4.020" errors="0" timestamp="2024-10-16T17:26:05 IST" skipped="0">
  <testcase classname="TestNg.TC_3_VerifyAdminTab" name="enterUser" time="1.069"/>
  <system-out/>
  <testcase classname="TestNg.TC_3_VerifyAdminTab" name="enterPassword" time="0.118"/>
  <system-out/>
  <testcase classname="TestNg.TC_3_VerifyAdminTab" name="clickLogin" time="1.399"/>
  <system-out/>
  <testcase classname="TestNg.TC_3_VerifyAdminTab" name="clickAdmin" time="1.434"/>
  <system-out/>
</testsuite> <!-- TestNg.TC_3_VerifyAdminTab -->
